SU3 with improved KS action
Microcanonical simulation with refreshing
MIMD version 6
Machine = Scalar processor, with 1 nodes
R algorithm
type 0 for no prompts  or 1 for prompts
nflavors 2
nx 20
ny 20
nz 20
nt 20
iseed 1234
LAYOUT = Hypercubes, options = EVENFIRST,
Made lattice
Made nn gathers
Made 3nn gathers
Finished setup


warms 0
trajecs 1
traj_between_meas 1
beta 5.6
mass 0.125
u0 1
microcanonical_time_step 0.2
steps_per_trajectory 2
max_cg_iterations 100
error_per_site 0.125
error_for_propagator 0.125
fresh 
forget 
unit gauge configuration loaded
CHECK PLAQ: 3.000000e+00 3.000000e+00
Unitarity checked.  Max deviation 0.00e+00
Symanzik 1x1 + 1x2 + 1x1x1 action
loop coefficients: nloop rep loop_coeff  multiplicity
                    0 0      1.000000e+00     6
                    1 0      -5.000000e-02     12
                    2 0      0.000000e+00     16
"O(a^2): couplings(pi)=0, Naik term, No O(a^2) errors, tadpole weights"
path coefficients: npath  path_coeff  multiplicity
                    0      6.250000e-01     8
                    1      -4.166667e-02     8
                    2      -6.250000e-02     48
                    3      1.562500e-02     192
                    4      -2.604167e-03     384
                    5      -6.250000e-02     48
WARMUPS COMPLETED
